[2026-05-14 13:09:14] Arduino підключено: COM12
[2026-05-14 13:09:14] SERIAL:OK: LEFT:0
[2026-05-14 13:09:14] SERIAL:OK: RIGHT:0
[2026-05-14 13:09:14] SERIAL:OK: EMERGENCY:0
[2026-05-14 13:09:15] SERIAL:OK: BRAKE:1
[2026-05-14 13:09:16] SERIAL:INFO: servo detached (idle)
[2026-05-14 13:11:18] Arduino підключено: COM12
[2026-05-14 13:11:18] SERIAL:OK: LEFT:0
[2026-05-14 13:11:18] SERIAL:OK: RIGHT:0
[2026-05-14 13:11:18] SERIAL:OK: EMERGENCY:0
[2026-05-14 13:11:20] SERIAL:INFO: servo detached (idle)
[2026-05-14 13:20:11] SERIAL:OK: BRAKE:1
[2026-05-14 13:20:23] SERIAL:OK: SPEED:41
[2026-05-14 13:20:23] SERIAL:OK: BRAKE:0
[2026-05-14 13:20:23] SERIAL:OK: SPEED:42
[2026-05-14 13:20:23] SERIAL:OK: SPEED:43
[2026-05-14 13:20:23] SERIAL:OK: SPEED:44
[2026-05-14 13:20:23] SERIAL:OK: SPEED:35
[2026-05-14 13:20:23] SERIAL:OK: BRAKE:1
[2026-05-14 13:20:23] SERIAL:OK: SPEED:27
[2026-05-14 13:20:23] SERIAL:OK: SPEED:18
[2026-05-14 13:20:23] SERIAL:OK: SPEED:10
[2026-05-14 13:20:23] SERIAL:OK: SPEED:2
[2026-05-14 13:20:23] SERIAL:OK: SPEED:4
[2026-05-14 13:20:23] SERIAL:OK: SPEED:14
[2026-05-14 13:20:24] SERIAL:OK: SPEED:23
[2026-05-14 13:20:24] SERIAL:OK: BRAKE:0
[2026-05-14 13:20:26] SERIAL:OK: SPEED:22
[2026-05-14 13:20:26] SERIAL:OK: BRAKE:1
[2026-05-14 13:20:26] SERIAL:OK: SPEED:21
[2026-05-14 13:20:26] SERIAL:OK: SPEED:19
[2026-05-14 13:20:26] SERIAL:OK: SPEED:10
[2026-05-14 13:20:26] SERIAL:OK: SPEED:0
[2026-05-14 13:20:29] SERIAL:INFO: servo detached (idle)
[2026-05-14 13:20:30] SERIAL:OK: SPEED:1
[2026-05-14 13:20:30] SERIAL:OK: BRAKE:0
[2026-05-14 13:20:31] SERIAL:OK: SPEED:4
[2026-05-14 13:20:31] SERIAL:OK: SPEED:11
[2026-05-14 13:20:31] SERIAL:OK: SPEED:18
[2026-05-14 13:20:31] SERIAL:OK: SPEED:26
[2026-05-14 13:20:31] SERIAL:OK: SPEED:33
[2026-05-14 13:20:31] SERIAL:OK: SPEED:39
[2026-05-14 13:20:31] SERIAL:OK: SPEED:41
[2026-05-14 13:20:31] SERIAL:OK: SPEED:42
[2026-05-14 13:20:31] SERIAL:OK: SPEED:44
[2026-05-14 13:20:31] SERIAL:OK: SPEED:47
[2026-05-14 13:20:31] SERIAL:OK: SPEED:49
[2026-05-14 13:20:31] SERIAL:OK: SPEED:51
[2026-05-14 13:20:31] SERIAL:OK: SPEED:53
[2026-05-14 13:20:31] SERIAL:OK: SPEED:54
[2026-05-14 13:20:31] SERIAL:OK: SPEED:55
[2026-05-14 13:20:31] SERIAL:OK: SPEED:48
[2026-05-14 13:20:31] SERIAL:OK: BRAKE:1
[2026-05-14 13:20:31] SERIAL:OK: SPEED:39
[2026-05-14 13:20:31] SERIAL:OK: SPEED:30
[2026-05-14 13:20:31] SERIAL:OK: SPEED:20
[2026-05-14 13:20:31] SERIAL:OK: SPEED:9
[2026-05-14 13:20:31] SERIAL:OK: SPEED:6
[2026-05-14 13:20:32] SERIAL:OK: SPEED:2
[2026-05-14 13:20:32] SERIAL:OK: SPEED:1
[2026-05-14 13:20:32] SERIAL:OK: SPEED:0
[2026-05-14 13:20:32] Автоповоротник ВПРАВО
[2026-05-14 13:20:32] SERIAL:OK: RIGHT:1
[2026-05-14 13:20:33] SERIAL:OK: RIGHT:0
[2026-05-14 13:20:33] SERIAL:OK: RIGHT:1
[2026-05-14 13:20:33] SERIAL:OK: SPEED:3
[2026-05-14 13:20:33] SERIAL:OK: BRAKE:0
[2026-05-14 13:20:33] SERIAL:OK: SPEED:8
[2026-05-14 13:20:33] SERIAL:OK: SPEED:14
[2026-05-14 13:20:33] SERIAL:OK: SPEED:20
[2026-05-14 13:20:33] SERIAL:OK: SPEED:28
[2026-05-14 13:20:33] SERIAL:OK: RIGHT:0
[2026-05-14 13:20:33] SERIAL:OK: SPEED:32
[2026-05-14 13:20:33] SERIAL:OK: SPEED:36
[2026-05-14 13:20:33] SERIAL:OK: SPEED:40
[2026-05-14 13:20:33] SERIAL:OK: SPEED:44
[2026-05-14 13:20:33] SERIAL:OK: SPEED:47
[2026-05-14 13:20:34] SERIAL:OK: SPEED:51
[2026-05-14 13:20:34] SERIAL:OK: SPEED:55
[2026-05-14 13:20:34] SERIAL:OK: SPEED:57
[2026-05-14 13:20:34] SERIAL:OK: RIGHT:1
[2026-05-14 13:20:34] SERIAL:OK: SPEED:58
[2026-05-14 13:20:34] SERIAL:OK: SPEED:56
[2026-05-14 13:20:34] SERIAL:OK: BRAKE:1
[2026-05-14 13:20:34] SERIAL:OK: SPEED:53
[2026-05-14 13:20:34] SERIAL:OK: SPEED:49
[2026-05-14 13:20:34] SERIAL:OK: SPEED:45
[2026-05-14 13:20:34] SERIAL:OK: RIGHT:0
[2026-05-14 13:20:34] SERIAL:OK: SPEED:40
[2026-05-14 13:20:34] SERIAL:OK: SPEED:37
[2026-05-14 13:20:34] SERIAL:OK: SPEED:33
[2026-05-14 13:20:34] SERIAL:OK: SPEED:25
[2026-05-14 13:20:34] SERIAL:OK: SPEED:18
[2026-05-14 13:20:34] SERIAL:OK: SPEED:12
[2026-05-14 13:20:34] SERIAL:OK: SPEED:6
[2026-05-14 13:20:34] SERIAL:OK: RIGHT:1
[2026-05-14 13:20:34] SERIAL:OK: SPEED:1
[2026-05-14 13:20:34] SERIAL:OK: SPEED:0
[2026-05-14 13:20:35] SERIAL:OK: RIGHT:0
[2026-05-14 13:20:35] SERIAL:OK: RIGHT:1
[2026-05-14 13:20:35] SERIAL:OK: RIGHT:0
[2026-05-14 13:20:36] SERIAL:OK: RIGHT:1
[2026-05-14 13:20:36] Автоповоротники вимкнено
[2026-05-14 13:20:36] SERIAL:OK: RIGHT:0
[2026-05-14 13:20:37] SERIAL:INFO: servo detached (idle)
[2026-05-14 13:20:37] SERIAL:OK: SPEED:3
[2026-05-14 13:20:37] SERIAL:OK: BRAKE:0
[2026-05-14 13:20:37] SERIAL:OK: SPEED:9
[2026-05-14 13:20:38] SERIAL:OK: SPEED:16
[2026-05-14 13:20:38] SERIAL:OK: SPEED:25
[2026-05-14 13:20:38] SERIAL:OK: SPEED:34
[2026-05-14 13:20:38] SERIAL:OK: SPEED:41
[2026-05-14 13:20:38] SERIAL:OK: SPEED:46
[2026-05-14 13:20:38] SERIAL:OK: SPEED:49
[2026-05-14 13:20:38] SERIAL:OK: SPEED:51
[2026-05-14 13:20:38] SERIAL:OK: SPEED:53
[2026-05-14 13:20:38] SERIAL:OK: SPEED:55
[2026-05-14 13:20:41] Автоповоротник ВПРАВО
[2026-05-14 13:20:41] SERIAL:OK: RIGHT:1
[2026-05-14 13:20:41] SERIAL:OK: RIGHT:0
[2026-05-14 13:20:42] SERIAL:OK: RIGHT:1
[2026-05-14 13:20:42] SERIAL:OK: RIGHT:0
[2026-05-14 13:20:42] SERIAL:OK: RIGHT:1
[2026-05-14 13:20:43] Автоповоротник ВПРАВО
[2026-05-14 13:20:43] SERIAL:OK: RIGHT:0
[2026-05-14 13:20:43] SERIAL:OK: RIGHT:1
[2026-05-14 13:20:43] SERIAL:OK: RIGHT:0
[2026-05-14 13:20:44] SERIAL:OK: RIGHT:1
[2026-05-14 13:20:44] SERIAL:OK: RIGHT:0
[2026-05-14 13:20:44] SERIAL:OK: RIGHT:1
[2026-05-14 13:20:45] Автоповоротник ВПРАВО
[2026-05-14 13:20:45] SERIAL:OK: RIGHT:0
[2026-05-14 13:20:45] SERIAL:OK: RIGHT:1
[2026-05-14 13:20:45] SERIAL:OK: RIGHT:0
[2026-05-14 13:20:46] SERIAL:OK: RIGHT:1
[2026-05-14 13:20:46] SERIAL:OK: RIGHT:0
[2026-05-14 13:20:46] SERIAL:OK: RIGHT:1
[2026-05-14 13:20:47] SERIAL:OK: RIGHT:0
[2026-05-14 13:20:47] Автоповоротник ВЛІВО
[2026-05-14 13:20:47] SERIAL:OK: LEFT:1
[2026-05-14 13:20:48] SERIAL:OK: LEFT:0
[2026-05-14 13:20:48] SERIAL:OK: LEFT:1
[2026-05-14 13:20:48] SERIAL:OK: LEFT:0
[2026-05-14 13:20:49] SERIAL:OK: LEFT:1
[2026-05-14 13:20:49] Автоповоротник ВЛІВО
[2026-05-14 13:20:49] SERIAL:OK: LEFT:0
[2026-05-14 13:20:49] SERIAL:OK: LEFT:1
[2026-05-14 13:20:50] SERIAL:OK: LEFT:0
[2026-05-14 13:20:50] SERIAL:OK: LEFT:1
[2026-05-14 13:20:50] SERIAL:OK: LEFT:0
[2026-05-14 13:20:51] SERIAL:OK: LEFT:1
[2026-05-14 13:20:51] SERIAL:OK: LEFT:0
[2026-05-14 13:20:51] SERIAL:OK: LEFT:1
[2026-05-14 13:20:52] SERIAL:OK: LEFT:0
[2026-05-14 13:20:52] SERIAL:OK: LEFT:1
[2026-05-14 13:20:52] Автоповоротники вимкнено
[2026-05-14 13:20:52] SERIAL:OK: LEFT:0
[2026-05-14 13:21:24] Автоповоротник ВЛІВО
[2026-05-14 13:21:24] SERIAL:OK: LEFT:1
[2026-05-14 13:21:25] SERIAL:OK: LEFT:0
[2026-05-14 13:21:25] SERIAL:OK: LEFT:1
[2026-05-14 13:21:25] SERIAL:OK: LEFT:0
[2026-05-14 13:21:26] SERIAL:OK: LEFT:1
[2026-05-14 13:21:26] SERIAL:OK: LEFT:0
[2026-05-14 13:21:26] Автоповоротник ВЛІВО
[2026-05-14 13:21:26] SERIAL:OK: LEFT:1
[2026-05-14 13:21:27] SERIAL:OK: LEFT:0
[2026-05-14 13:21:27] SERIAL:OK: LEFT:1
[2026-05-14 13:21:27] SERIAL:OK: SPEED:54
[2026-05-14 13:21:27] SERIAL:OK: BRAKE:1
[2026-05-14 13:21:27] SERIAL:OK: SPEED:53
[2026-05-14 13:21:27] SERIAL:OK: LEFT:0
[2026-05-14 13:21:27] SERIAL:OK: SPEED:49
[2026-05-14 13:21:28] SERIAL:OK: SPEED:46
[2026-05-14 13:21:28] SERIAL:OK: SPEED:42
[2026-05-14 13:21:28] SERIAL:OK: LEFT:1
[2026-05-14 13:21:28] SERIAL:OK: SPEED:41
[2026-05-14 13:21:28] SERIAL:OK: LEFT:0
[2026-05-14 13:21:28] SERIAL:OK: LEFT:1
[2026-05-14 13:21:29] SERIAL:OK: BRAKE:0
[2026-05-14 13:21:29] SERIAL:OK: LEFT:0
[2026-05-14 13:21:29] SERIAL:OK: LEFT:1
[2026-05-14 13:21:29] SERIAL:OK: LEFT:0
[2026-05-14 13:21:30] SERIAL:OK: SPEED:43
[2026-05-14 13:21:30] SERIAL:OK: SPEED:44
[2026-05-14 13:21:30] SERIAL:OK: LEFT:1
[2026-05-14 13:21:30] SERIAL:OK: SPEED:45
[2026-05-14 13:21:30] SERIAL:OK: LEFT:0
[2026-05-14 13:21:30] SERIAL:OK: LEFT:1
[2026-05-14 13:21:31] SERIAL:OK: LEFT:0
[2026-05-14 13:21:31] SERIAL:OK: LEFT:1
[2026-05-14 13:21:31] SERIAL:OK: LEFT:0
[2026-05-14 13:21:32] SERIAL:OK: LEFT:1
[2026-05-14 13:21:32] SERIAL:OK: LEFT:0
[2026-05-14 13:21:32] Автоповоротник ВЛІВО
[2026-05-14 13:21:32] SERIAL:OK: LEFT:1
[2026-05-14 13:21:33] SERIAL:OK: LEFT:0
[2026-05-14 13:21:33] SERIAL:OK: LEFT:1
[2026-05-14 13:21:34] SERIAL:OK: LEFT:0
[2026-05-14 13:21:34] SERIAL:OK: LEFT:1
[2026-05-14 13:21:34] SERIAL:OK: LEFT:0
[2026-05-14 13:21:34] Автоповоротник ВЛІВО
[2026-05-14 13:21:35] SERIAL:OK: LEFT:1
[2026-05-14 13:21:35] SERIAL:OK: LEFT:0
[2026-05-14 13:21:35] SERIAL:OK: LEFT:1
[2026-05-14 13:21:36] SERIAL:OK: LEFT:0
[2026-05-14 13:21:36] SERIAL:OK: LEFT:1
[2026-05-14 13:21:36] SERIAL:OK: LEFT:0
[2026-05-14 13:21:37] SERIAL:OK: LEFT:1
[2026-05-14 13:21:37] SERIAL:OK: LEFT:0
[2026-05-14 13:21:37] SERIAL:OK: LEFT:1
[2026-05-14 13:21:38] SERIAL:OK: LEFT:0
[2026-05-14 13:21:38] SERIAL:OK: LEFT:1
[2026-05-14 13:21:38] SERIAL:OK: LEFT:0
[2026-05-14 13:21:39] SERIAL:OK: LEFT:1
[2026-05-14 13:21:39] Автоповоротник ВПРАВО
[2026-05-14 13:21:39] SERIAL:OK: LEFT:0
[2026-05-14 13:21:39] SERIAL:OK: RIGHT:1
[2026-05-14 13:21:40] SERIAL:OK: RIGHT:0
[2026-05-14 13:21:40] SERIAL:OK: RIGHT:1
[2026-05-14 13:21:40] SERIAL:OK: RIGHT:0
[2026-05-14 13:21:41] SERIAL:OK: RIGHT:1
[2026-05-14 13:21:41] SERIAL:OK: RIGHT:0
[2026-05-14 13:21:41] SERIAL:OK: RIGHT:1
[2026-05-14 13:21:42] SERIAL:OK: RIGHT:0
[2026-05-14 13:21:42] SERIAL:OK: RIGHT:1
[2026-05-14 13:21:42] SERIAL:OK: RIGHT:0
[2026-05-14 13:21:43] SERIAL:OK: RIGHT:1
[2026-05-14 13:21:43] SERIAL:OK: RIGHT:0
[2026-05-14 13:21:43] SERIAL:OK: RIGHT:1
[2026-05-14 13:21:44] SERIAL:OK: RIGHT:0
[2026-05-14 13:21:44] SERIAL:OK: RIGHT:1
[2026-05-14 13:21:44] Автоповоротники вимкнено
[2026-05-14 13:21:44] SERIAL:OK: RIGHT:0
[2026-05-14 13:22:01] SERIAL:OK: SPEED:0
[2026-05-14 13:22:01] SERIAL:OK: LEFT:0
[2026-05-14 13:22:01] SERIAL:OK: RIGHT:0
[2026-05-14 13:22:01] SERIAL:OK: EMERGENCY:0
[2026-05-14 13:22:01] SERIAL:OK: ALARM:0
[2026-05-14 13:22:02] SERIAL:OK: LEFT:0
[2026-05-14 13:22:02] SERIAL:OK: RIGHT:0
[2026-05-14 13:22:02] SERIAL:OK: EMERGENCY:0
[2026-05-14 13:22:05] SERIAL:INFO: servo detached (idle)
[2026-05-14 13:22:06] SERIAL:OK: BRAKE:1
[2026-05-14 13:22:09] Автоповоротник ВЛІВО
[2026-05-14 13:22:10] SERIAL:OK: LEFT:1
[2026-05-14 13:22:10] SERIAL:OK: LEFT:0
[2026-05-14 13:22:11] SERIAL:OK: LEFT:1
[2026-05-14 13:22:11] SERIAL:OK: LEFT:0
[2026-05-14 13:22:11] SERIAL:OK: LEFT:1
[2026-05-14 13:22:12] SERIAL:OK: LEFT:0
[2026-05-14 13:22:12] SERIAL:OK: LEFT:1
[2026-05-14 13:22:12] SERIAL:OK: LEFT:0
[2026-05-14 13:22:13] SERIAL:OK: LEFT:1
[2026-05-14 13:22:13] SERIAL:OK: LEFT:0
[2026-05-14 13:22:13] Автоповоротники вимкнено
[2026-05-14 13:22:30] SERIAL:OK: ALARM:1
[2026-05-14 13:22:30] SERIAL:OK: LEFT:1
[2026-05-14 13:22:30] SERIAL:OK: RIGHT:1
[2026-05-14 13:22:30] SERIAL:OK: EMERGENCY:1
[2026-05-14 13:22:30] НАХИЛ ГОЛОВИ вниз (-36.8°)
[2026-05-14 13:22:30] SERIAL:OK: LEFT:0
[2026-05-14 13:22:30] SERIAL:OK: RIGHT:0
[2026-05-14 13:22:30] SERIAL:OK: EMERGENCY:0
[2026-05-14 13:22:31] SERIAL:OK: LEFT:1
[2026-05-14 13:22:31] SERIAL:OK: RIGHT:1
[2026-05-14 13:22:31] SERIAL:OK: EMERGENCY:1
[2026-05-14 13:22:31] SERIAL:OK: LEFT:0
[2026-05-14 13:22:31] SERIAL:OK: RIGHT:0
[2026-05-14 13:22:31] SERIAL:OK: EMERGENCY:0
[2026-05-14 13:22:32] SERIAL:OK: LEFT:1
[2026-05-14 13:22:32] SERIAL:OK: RIGHT:1
[2026-05-14 13:22:32] SERIAL:OK: EMERGENCY:1
[2026-05-14 13:22:32] Аварійку вимкнено жестом peace
[2026-05-14 13:22:32] SERIAL:OK: ALARM:0
[2026-05-14 13:22:32] SERIAL:OK: LEFT:0
[2026-05-14 13:22:32] SERIAL:OK: RIGHT:0
[2026-05-14 13:22:32] SERIAL:OK: EMERGENCY:0
[2026-05-14 13:23:52] Автоповоротник ВЛІВО
[2026-05-14 13:23:53] SERIAL:OK: LEFT:1
[2026-05-14 13:23:53] SERIAL:OK: LEFT:0
[2026-05-14 13:23:54] SERIAL:OK: LEFT:1
[2026-05-14 13:23:54] SERIAL:OK: LEFT:0
[2026-05-14 13:23:54] SERIAL:OK: LEFT:1
[2026-05-14 13:23:55] SERIAL:OK: LEFT:0
[2026-05-14 13:23:55] SERIAL:OK: LEFT:1
[2026-05-14 13:23:55] SERIAL:OK: LEFT:0
[2026-05-14 13:23:56] SERIAL:OK: LEFT:1
[2026-05-14 13:23:56] SERIAL:OK: LEFT:0
[2026-05-14 13:23:56] SERIAL:OK: LEFT:1
[2026-05-14 13:23:57] SERIAL:OK: LEFT:0
[2026-05-14 13:23:57] SERIAL:OK: LEFT:1
[2026-05-14 13:23:57] SERIAL:OK: LEFT:0
[2026-05-14 13:23:58] SERIAL:OK: LEFT:1
[2026-05-14 13:23:58] Автоповоротники вимкнено
[2026-05-14 13:23:58] SERIAL:OK: LEFT:0
[2026-05-14 13:24:03] Автоповоротник ВЛІВО
[2026-05-14 13:24:04] SERIAL:OK: LEFT:1
[2026-05-14 13:24:04] SERIAL:OK: LEFT:0
[2026-05-14 13:24:04] SERIAL:OK: LEFT:1
[2026-05-14 13:24:05] SERIAL:OK: LEFT:0
[2026-05-14 13:24:05] SERIAL:OK: LEFT:1
[2026-05-14 13:24:05] Автоповоротник ВЛІВО
[2026-05-14 13:24:05] SERIAL:OK: LEFT:0
[2026-05-14 13:24:06] SERIAL:OK: LEFT:1
[2026-05-14 13:24:06] SERIAL:OK: LEFT:0
[2026-05-14 13:24:06] SERIAL:OK: LEFT:1
[2026-05-14 13:24:07] SERIAL:OK: LEFT:0
[2026-05-14 13:24:07] SERIAL:OK: LEFT:1
[2026-05-14 13:24:07] SERIAL:OK: LEFT:0
[2026-05-14 13:24:08] SERIAL:OK: LEFT:1
[2026-05-14 13:24:08] SERIAL:OK: LEFT:0
[2026-05-14 13:24:08] SERIAL:OK: LEFT:1
[2026-05-14 13:24:09] SERIAL:OK: LEFT:0
[2026-05-14 13:24:09] SERIAL:OK: LEFT:1
[2026-05-14 13:24:09] SERIAL:OK: LEFT:0
[2026-05-14 13:24:10] SERIAL:OK: LEFT:1
[2026-05-14 13:24:10] SERIAL:OK: LEFT:0
[2026-05-14 13:24:10] SERIAL:OK: LEFT:1
[2026-05-14 13:24:11] Автоповоротники вимкнено
[2026-05-14 13:24:11] SERIAL:OK: LEFT:0
[2026-05-14 13:24:20] Автоповоротник ВПРАВО
[2026-05-14 13:24:21] SERIAL:OK: RIGHT:1
[2026-05-14 13:24:21] SERIAL:OK: RIGHT:0
[2026-05-14 13:24:21] SERIAL:OK: RIGHT:1
[2026-05-14 13:24:22] SERIAL:OK: RIGHT:0
[2026-05-14 13:24:22] SERIAL:OK: RIGHT:1
[2026-05-14 13:24:22] SERIAL:OK: RIGHT:0
[2026-05-14 13:24:23] Автоповоротники вимкнено
[2026-05-14 13:24:26] Автоповоротник ВПРАВО
[2026-05-14 13:24:27] SERIAL:OK: RIGHT:1
[2026-05-14 13:24:27] SERIAL:OK: RIGHT:0
[2026-05-14 13:24:27] SERIAL:OK: RIGHT:1
[2026-05-14 13:24:28] SERIAL:OK: RIGHT:0
[2026-05-14 13:24:28] SERIAL:OK: RIGHT:1
[2026-05-14 13:24:28] Автоповоротник ВПРАВО
[2026-05-14 13:24:28] SERIAL:OK: RIGHT:0
[2026-05-14 13:24:29] SERIAL:OK: RIGHT:1
[2026-05-14 13:24:29] SERIAL:OK: RIGHT:0
[2026-05-14 13:24:29] SERIAL:OK: RIGHT:1
[2026-05-14 13:24:30] SERIAL:OK: RIGHT:0
[2026-05-14 13:24:30] SERIAL:OK: RIGHT:1
[2026-05-14 13:24:30] Автоповоротник ВПРАВО
[2026-05-14 13:24:30] SERIAL:OK: RIGHT:0
[2026-05-14 13:24:31] SERIAL:OK: RIGHT:1
[2026-05-14 13:24:31] SERIAL:OK: RIGHT:0
[2026-05-14 13:24:32] SERIAL:OK: RIGHT:1
[2026-05-14 13:24:32] SERIAL:OK: RIGHT:0
[2026-05-14 13:24:32] SERIAL:OK: RIGHT:1
[2026-05-14 13:24:33] SERIAL:OK: RIGHT:0
[2026-05-14 13:24:33] SERIAL:OK: LEFT:0
[2026-05-14 13:24:33] SERIAL:OK: RIGHT:0
[2026-05-14 13:24:33] SERIAL:OK: EMERGENCY:0
[2026-05-14 13:24:33] SERIAL:OK: BRAKE:0
[2026-05-14 13:24:33] SERIAL:OK: BRAKE:1
[2026-05-14 13:24:33] SERIAL:OK: LEFT:0
[2026-05-14 13:24:33] SERIAL:OK: RIGHT:0
[2026-05-14 13:24:33] SERIAL:OK: EMERGENCY:0
[2026-05-14 13:33:41] Arduino підключено: COM12
[2026-05-14 13:33:41] SERIAL:OK: LEFT:0
[2026-05-14 13:33:41] SERIAL:OK: RIGHT:0
[2026-05-14 13:33:41] SERIAL:OK: EMERGENCY:0
[2026-05-14 13:33:42] SERIAL:OK: BRAKE:1
[2026-05-14 13:33:44] SERIAL:INFO: servo detached (idle)
[2026-05-14 13:33:48] SERIAL:OK: ALARM:1
[2026-05-14 13:33:48] SERIAL:OK: SPEED:0
[2026-05-14 13:33:49] SERIAL:OK: LEFT:1
[2026-05-14 13:33:49] SERIAL:OK: RIGHT:1
[2026-05-14 13:33:49] SERIAL:OK: EMERGENCY:1
[2026-05-14 13:33:49] SERIAL:OK: LEFT:0
[2026-05-14 13:33:49] SERIAL:OK: RIGHT:0
[2026-05-14 13:33:49] SERIAL:OK: EMERGENCY:0
[2026-05-14 13:33:50] SERIAL:OK: LEFT:1
[2026-05-14 13:33:50] SERIAL:OK: RIGHT:1
[2026-05-14 13:33:50] SERIAL:OK: EMERGENCY:1
[2026-05-14 13:33:50] Аварійку вимкнено жестом peace
[2026-05-14 13:33:50] SERIAL:OK: ALARM:0
[2026-05-14 13:33:50] SERIAL:OK: LEFT:0
[2026-05-14 13:33:50] SERIAL:OK: RIGHT:0
[2026-05-14 13:33:50] SERIAL:OK: EMERGENCY:0
[2026-05-14 13:33:52] SERIAL:INFO: servo detached (idle)
[2026-05-14 13:33:55] SERIAL:OK: ALARM:1
[2026-05-14 13:33:56] НАХИЛ ГОЛОВИ вгору (41.4°)
[2026-05-14 13:33:56] SERIAL:OK: LEFT:1
[2026-05-14 13:33:56] SERIAL:OK: RIGHT:1
[2026-05-14 13:33:56] SERIAL:OK: EMERGENCY:1
[2026-05-14 13:33:56] SERIAL:OK: LEFT:0
[2026-05-14 13:33:56] SERIAL:OK: RIGHT:0
[2026-05-14 13:33:56] SERIAL:OK: EMERGENCY:0
[2026-05-14 13:33:56] SERIAL:OK: LEFT:1
[2026-05-14 13:33:56] SERIAL:OK: RIGHT:1
[2026-05-14 13:33:56] SERIAL:OK: EMERGENCY:1
[2026-05-14 13:33:57] SERIAL:OK: LEFT:0
[2026-05-14 13:33:57] SERIAL:OK: RIGHT:0
[2026-05-14 13:33:57] SERIAL:OK: EMERGENCY:0
[2026-05-14 13:33:57] Аварійку вимкнено жестом peace
[2026-05-14 13:33:57] SERIAL:OK: ALARM:0
[2026-05-14 13:34:14] Обличчя зникло
[2026-05-14 13:34:43] SERIAL:OK: SPEED:2
[2026-05-14 13:34:43] SERIAL:OK: BRAKE:0
[2026-05-14 13:34:43] SERIAL:OK: SPEED:0
[2026-05-14 13:34:43] SERIAL:OK: BRAKE:1
[2026-05-14 13:34:46] SERIAL:INFO: servo detached (idle)
[2026-05-14 13:34:57] Автоповоротник ВПРАВО
[2026-05-14 13:34:57] SERIAL:OK: RIGHT:1
[2026-05-14 13:34:58] SERIAL:OK: RIGHT:0
[2026-05-14 13:34:58] SERIAL:OK: RIGHT:1
[2026-05-14 13:34:58] SERIAL:OK: RIGHT:0
[2026-05-14 13:34:59] SERIAL:OK: RIGHT:1
[2026-05-14 13:34:59] Автоповоротник ВПРАВО
[2026-05-14 13:34:59] SERIAL:OK: RIGHT:0
[2026-05-14 13:34:59] SERIAL:OK: RIGHT:1
[2026-05-14 13:35:00] SERIAL:OK: RIGHT:0
[2026-05-14 13:35:00] SERIAL:OK: RIGHT:1
[2026-05-14 13:35:00] SERIAL:OK: RIGHT:0
[2026-05-14 13:35:01] SERIAL:OK: RIGHT:1
[2026-05-14 13:35:01] SERIAL:OK: RIGHT:0
[2026-05-14 13:35:01] SERIAL:OK: RIGHT:1
[2026-05-14 13:35:02] Автоповоротник ВЛІВО
[2026-05-14 13:35:02] SERIAL:OK: RIGHT:0
[2026-05-14 13:35:02] SERIAL:OK: LEFT:1
[2026-05-14 13:35:02] SERIAL:OK: LEFT:0
[2026-05-14 13:35:03] SERIAL:OK: LEFT:1
[2026-05-14 13:35:03] SERIAL:OK: LEFT:0
[2026-05-14 13:35:03] SERIAL:OK: LEFT:1
[2026-05-14 13:35:04] SERIAL:OK: LEFT:0
[2026-05-14 13:35:04] SERIAL:OK: LEFT:1
[2026-05-14 13:35:04] SERIAL:OK: LEFT:0
[2026-05-14 13:35:05] SERIAL:OK: LEFT:1
[2026-05-14 13:35:05] SERIAL:OK: LEFT:0
[2026-05-14 13:35:05] SERIAL:OK: LEFT:1
[2026-05-14 13:35:06] Автоповоротники вимкнено
[2026-05-14 13:35:06] SERIAL:OK: LEFT:0
[2026-05-14 13:35:53] SERIAL:OK: LEFT:0
[2026-05-14 13:35:53] SERIAL:OK: RIGHT:0
[2026-05-14 13:35:53] SERIAL:OK: EMERGENCY:0
[2026-05-14 13:35:53] SERIAL:OK: BRAKE:0
[2026-05-14 13:35:53] SERIAL:OK: BRAKE:1
[2026-05-14 13:35:53] SERIAL:OK: LEFT:0
[2026-05-14 13:35:53] SERIAL:OK: RIGHT:0
[2026-05-14 13:35:53] SERIAL:OK: EMERGENCY:0
[2026-05-14 13:39:23] Arduino підключено: COM12
[2026-05-14 13:39:23] SERIAL:OK: LEFT:0
[2026-05-14 13:39:23] SERIAL:OK: RIGHT:0
[2026-05-14 13:39:23] SERIAL:OK: EMERGENCY:0
[2026-05-14 13:39:26] SERIAL:INFO: servo detached (idle)
[2026-05-14 13:40:34] SERIAL:OK: BRAKE:1
[2026-05-14 13:40:40] SERIAL:OK: SPEED:0
[2026-05-14 13:40:41] SERIAL:OK: SPEED:2
[2026-05-14 13:40:41] SERIAL:OK: BRAKE:0
[2026-05-14 13:40:41] SERIAL:OK: SPEED:6
[2026-05-14 13:40:41] SERIAL:OK: SPEED:11
[2026-05-14 13:40:41] SERIAL:OK: SPEED:17
[2026-05-14 13:40:41] SERIAL:OK: SPEED:24
[2026-05-14 13:40:41] SERIAL:OK: SPEED:31
[2026-05-14 13:40:41] SERIAL:OK: SPEED:36
[2026-05-14 13:40:41] SERIAL:OK: SPEED:39
[2026-05-14 13:40:41] SERIAL:OK: SPEED:40
[2026-05-14 13:40:41] SERIAL:OK: SPEED:41
[2026-05-14 13:40:41] SERIAL:OK: SPEED:40
[2026-05-14 13:40:41] SERIAL:OK: BRAKE:1
[2026-05-14 13:40:41] SERIAL:OK: SPEED:39
[2026-05-14 13:40:41] SERIAL:OK: SPEED:38
[2026-05-14 13:40:42] SERIAL:OK: SPEED:37
[2026-05-14 13:40:42] SERIAL:OK: SPEED:38
[2026-05-14 13:40:42] SERIAL:OK: SPEED:39
[2026-05-14 13:40:42] SERIAL:OK: SPEED:40
[2026-05-14 13:40:42] SERIAL:OK: SPEED:41
[2026-05-14 13:40:42] SERIAL:OK: SPEED:42
[2026-05-14 13:40:42] SERIAL:OK: SPEED:44
[2026-05-14 13:40:42] SERIAL:OK: SPEED:45
[2026-05-14 13:40:42] SERIAL:OK: SPEED:47
[2026-05-14 13:40:42] SERIAL:OK: SPEED:48
[2026-05-14 13:40:42] SERIAL:OK: SPEED:50
[2026-05-14 13:40:42] SERIAL:OK: BRAKE:0
[2026-05-14 13:40:42] SERIAL:OK: SPEED:55
[2026-05-14 13:40:42] SERIAL:OK: SPEED:62
[2026-05-14 13:40:45] Автоповоротник ВЛІВО
[2026-05-14 13:40:45] SERIAL:OK: LEFT:1
[2026-05-14 13:40:46] SERIAL:OK: LEFT:0
[2026-05-14 13:40:46] SERIAL:OK: LEFT:1
[2026-05-14 13:40:46] SERIAL:OK: LEFT:0
[2026-05-14 13:40:47] SERIAL:OK: LEFT:1
[2026-05-14 13:40:47] SERIAL:OK: LEFT:0
[2026-05-14 13:40:47] SERIAL:OK: LEFT:1
[2026-05-14 13:40:48] SERIAL:OK: LEFT:0
[2026-05-14 13:40:48] SERIAL:OK: LEFT:1
[2026-05-14 13:40:48] SERIAL:OK: LEFT:0
[2026-05-14 13:40:48] Автоповоротники вимкнено
[2026-05-14 13:40:51] Автоповоротник ВПРАВО
[2026-05-14 13:40:52] SERIAL:OK: RIGHT:1
[2026-05-14 13:40:52] SERIAL:OK: RIGHT:0
[2026-05-14 13:40:53] SERIAL:OK: RIGHT:1
[2026-05-14 13:40:53] SERIAL:OK: RIGHT:0
[2026-05-14 13:40:53] SERIAL:OK: RIGHT:1
[2026-05-14 13:40:54] SERIAL:OK: RIGHT:0
[2026-05-14 13:40:54] SERIAL:OK: RIGHT:1
[2026-05-14 13:40:54] SERIAL:OK: RIGHT:0
[2026-05-14 13:40:55] SERIAL:OK: RIGHT:1
[2026-05-14 13:40:55] SERIAL:OK: RIGHT:0
[2026-05-14 13:40:55] Автоповоротники вимкнено
[2026-05-14 13:41:26] Автоповоротник ВПРАВО
[2026-05-14 13:41:26] SERIAL:OK: RIGHT:1
[2026-05-14 13:41:27] SERIAL:OK: RIGHT:0
[2026-05-14 13:41:27] SERIAL:OK: RIGHT:1
[2026-05-14 13:41:27] SERIAL:OK: RIGHT:0
[2026-05-14 13:41:28] SERIAL:OK: RIGHT:1
[2026-05-14 13:41:28] SERIAL:OK: RIGHT:0
[2026-05-14 13:41:28] SERIAL:OK: RIGHT:1
[2026-05-14 13:41:29] SERIAL:OK: RIGHT:0
[2026-05-14 13:41:29] SERIAL:OK: RIGHT:1
[2026-05-14 13:41:29] SERIAL:OK: RIGHT:0
[2026-05-14 13:41:30] SERIAL:OK: RIGHT:1
[2026-05-14 13:41:30] SERIAL:OK: RIGHT:0
[2026-05-14 13:41:30] SERIAL:OK: RIGHT:1
[2026-05-14 13:41:31] SERIAL:OK: RIGHT:0
[2026-05-14 13:41:31] SERIAL:OK: RIGHT:1
[2026-05-14 13:41:31] SERIAL:OK: RIGHT:0
[2026-05-14 13:41:32] SERIAL:OK: RIGHT:1
[2026-05-14 13:41:32] SERIAL:OK: RIGHT:0
[2026-05-14 13:41:32] SERIAL:OK: RIGHT:1
[2026-05-14 13:41:33] SERIAL:OK: RIGHT:0
[2026-05-14 13:41:33] SERIAL:OK: RIGHT:1
[2026-05-14 13:41:33] SERIAL:OK: RIGHT:0
[2026-05-14 13:41:33] Автоповоротники вимкнено
[2026-05-14 13:41:36] Автоповоротник ВЛІВО
[2026-05-14 13:41:36] SERIAL:OK: LEFT:1
[2026-05-14 13:41:37] SERIAL:OK: LEFT:0
[2026-05-14 13:41:37] SERIAL:OK: LEFT:1
[2026-05-14 13:41:38] SERIAL:OK: LEFT:0
[2026-05-14 13:41:38] SERIAL:OK: LEFT:1
[2026-05-14 13:41:38] SERIAL:OK: LEFT:0
[2026-05-14 13:41:39] SERIAL:OK: LEFT:1
[2026-05-14 13:41:39] SERIAL:OK: LEFT:0
[2026-05-14 13:41:39] SERIAL:OK: LEFT:1
[2026-05-14 13:41:40] SERIAL:OK: LEFT:0
[2026-05-14 13:41:40] SERIAL:OK: LEFT:1
[2026-05-14 13:41:40] SERIAL:OK: LEFT:0
[2026-05-14 13:41:41] SERIAL:OK: LEFT:1
[2026-05-14 13:41:41] SERIAL:OK: LEFT:0
[2026-05-14 13:41:41] SERIAL:OK: LEFT:1
[2026-05-14 13:41:42] SERIAL:OK: LEFT:0
[2026-05-14 13:41:42] SERIAL:OK: LEFT:1
[2026-05-14 13:41:42] SERIAL:OK: LEFT:0
[2026-05-14 13:41:43] SERIAL:OK: LEFT:1
[2026-05-14 13:41:43] Автоповоротники вимкнено
[2026-05-14 13:41:43] SERIAL:OK: LEFT:0
[2026-05-14 13:41:53] Автоповоротник ВПРАВО
[2026-05-14 13:41:53] SERIAL:OK: RIGHT:1
[2026-05-14 13:41:53] SERIAL:OK: RIGHT:0
[2026-05-14 13:41:53] SERIAL:OK: RIGHT:1
[2026-05-14 13:41:54] SERIAL:OK: RIGHT:0
[2026-05-14 13:41:54] SERIAL:OK: RIGHT:1
[2026-05-14 13:41:54] SERIAL:OK: RIGHT:0
[2026-05-14 13:41:55] SERIAL:OK: RIGHT:1
[2026-05-14 13:41:55] SERIAL:OK: RIGHT:0
[2026-05-14 13:41:55] SERIAL:OK: RIGHT:1
[2026-05-14 13:41:56] Автоповоротники вимкнено
[2026-05-14 13:41:56] SERIAL:OK: RIGHT:0
[2026-05-14 13:41:59] Автоповоротник ВЛІВО
[2026-05-14 13:41:59] SERIAL:OK: LEFT:1
[2026-05-14 13:41:59] SERIAL:OK: LEFT:0
[2026-05-14 13:41:59] SERIAL:OK: LEFT:1
[2026-05-14 13:42:00] SERIAL:OK: LEFT:0
[2026-05-14 13:42:00] SERIAL:OK: LEFT:1
[2026-05-14 13:42:01] SERIAL:OK: LEFT:0
[2026-05-14 13:42:01] SERIAL:OK: LEFT:1
[2026-05-14 13:42:01] SERIAL:OK: LEFT:0
[2026-05-14 13:42:02] SERIAL:OK: LEFT:1
[2026-05-14 13:42:02] SERIAL:OK: LEFT:0
[2026-05-14 13:42:02] Автоповоротники вимкнено
[2026-05-14 13:42:38] SERIAL:OK: ALARM:1
[2026-05-14 13:42:38] НАХИЛ ГОЛОВИ вгору (52.6°)
[2026-05-14 13:42:38] SERIAL:OK: LEFT:1
[2026-05-14 13:42:38] SERIAL:OK: RIGHT:1
[2026-05-14 13:42:38] SERIAL:OK: EMERGENCY:1
[2026-05-14 13:42:38] SERIAL:OK: SPEED:61
[2026-05-14 13:42:38] SERIAL:OK: BRAKE:1
[2026-05-14 13:42:38] SERIAL:OK: SPEED:60
[2026-05-14 13:42:38] SERIAL:OK: SPEED:59
[2026-05-14 13:42:38] SERIAL:OK: LEFT:0
[2026-05-14 13:42:38] SERIAL:OK: RIGHT:0
[2026-05-14 13:42:38] SERIAL:OK: EMERGENCY:0
[2026-05-14 13:42:38] SERIAL:OK: SPEED:58
[2026-05-14 13:42:39] SERIAL:OK: SPEED:57
[2026-05-14 13:42:39] SERIAL:OK: LEFT:1
[2026-05-14 13:42:39] SERIAL:OK: RIGHT:1
[2026-05-14 13:42:39] SERIAL:OK: EMERGENCY:1
[2026-05-14 13:42:39] SERIAL:OK: SPEED:56
[2026-05-14 13:42:39] SERIAL:OK: SPEED:55
[2026-05-14 13:42:39] SERIAL:OK: LEFT:0
[2026-05-14 13:42:39] SERIAL:OK: RIGHT:0
[2026-05-14 13:42:39] SERIAL:OK: EMERGENCY:0
[2026-05-14 13:42:39] SERIAL:OK: SPEED:54
[2026-05-14 13:42:39] SERIAL:OK: SPEED:53
[2026-05-14 13:42:39] SERIAL:OK: LEFT:1
[2026-05-14 13:42:39] SERIAL:OK: RIGHT:1
[2026-05-14 13:42:39] SERIAL:OK: EMERGENCY:1
[2026-05-14 13:42:39] SERIAL:OK: SPEED:52
[2026-05-14 13:42:40] SERIAL:OK: SPEED:51
[2026-05-14 13:42:40] SERIAL:OK: LEFT:0
[2026-05-14 13:42:40] SERIAL:OK: RIGHT:0
[2026-05-14 13:42:40] SERIAL:OK: EMERGENCY:0
[2026-05-14 13:42:40] SERIAL:OK: SPEED:50
[2026-05-14 13:42:40] SERIAL:OK: SPEED:49
[2026-05-14 13:42:40] SERIAL:OK: LEFT:1
[2026-05-14 13:42:40] SERIAL:OK: RIGHT:1
[2026-05-14 13:42:40] SERIAL:OK: EMERGENCY:1
[2026-05-14 13:42:40] SERIAL:OK: SPEED:48
[2026-05-14 13:42:40] SERIAL:OK: SPEED:47
[2026-05-14 13:42:40] SERIAL:OK: SPEED:46
[2026-05-14 13:42:40] SERIAL:OK: LEFT:0
[2026-05-14 13:42:40] SERIAL:OK: RIGHT:0
[2026-05-14 13:42:40] SERIAL:OK: EMERGENCY:0
[2026-05-14 13:42:41] SERIAL:OK: SPEED:45
[2026-05-14 13:42:41] SERIAL:OK: SPEED:44
[2026-05-14 13:42:41] SERIAL:OK: LEFT:1
[2026-05-14 13:42:41] SERIAL:OK: RIGHT:1
[2026-05-14 13:42:41] SERIAL:OK: EMERGENCY:1
[2026-05-14 13:42:41] SERIAL:OK: SPEED:43
[2026-05-14 13:42:41] SERIAL:OK: SPEED:42
[2026-05-14 13:42:41] SERIAL:OK: LEFT:0
[2026-05-14 13:42:41] SERIAL:OK: RIGHT:0
[2026-05-14 13:42:41] SERIAL:OK: EMERGENCY:0
[2026-05-14 13:42:41] SERIAL:OK: SPEED:41
[2026-05-14 13:42:41] SERIAL:OK: SPEED:40
[2026-05-14 13:42:41] SERIAL:OK: LEFT:1
[2026-05-14 13:42:41] SERIAL:OK: RIGHT:1
[2026-05-14 13:42:41] SERIAL:OK: EMERGENCY:1
[2026-05-14 13:42:42] SERIAL:OK: SPEED:39
[2026-05-14 13:42:42] SERIAL:OK: SPEED:38
[2026-05-14 13:42:42] SERIAL:OK: LEFT:0
[2026-05-14 13:42:42] SERIAL:OK: RIGHT:0
[2026-05-14 13:42:42] SERIAL:OK: EMERGENCY:0
[2026-05-14 13:42:42] SERIAL:OK: SPEED:37
[2026-05-14 13:42:42] SERIAL:OK: SPEED:36
[2026-05-14 13:42:42] SERIAL:OK: LEFT:1
[2026-05-14 13:42:42] SERIAL:OK: RIGHT:1
[2026-05-14 13:42:42] SERIAL:OK: EMERGENCY:1
[2026-05-14 13:42:42] SERIAL:OK: SPEED:35
[2026-05-14 13:42:42] SERIAL:OK: SPEED:34
[2026-05-14 13:42:42] SERIAL:OK: LEFT:0
[2026-05-14 13:42:42] SERIAL:OK: RIGHT:0
[2026-05-14 13:42:42] SERIAL:OK: EMERGENCY:0
[2026-05-14 13:42:42] SERIAL:OK: SPEED:33
[2026-05-14 13:42:43] SERIAL:OK: SPEED:32
[2026-05-14 13:42:43] SERIAL:OK: LEFT:1
[2026-05-14 13:42:43] SERIAL:OK: RIGHT:1
[2026-05-14 13:42:43] SERIAL:OK: EMERGENCY:1
[2026-05-14 13:42:43] SERIAL:OK: SPEED:31
[2026-05-14 13:42:43] SERIAL:OK: SPEED:30
[2026-05-14 13:42:43] SERIAL:OK: SPEED:29
[2026-05-14 13:42:43] SERIAL:OK: LEFT:0
[2026-05-14 13:42:43] SERIAL:OK: RIGHT:0
[2026-05-14 13:42:43] SERIAL:OK: EMERGENCY:0
[2026-05-14 13:42:43] SERIAL:OK: SPEED:28
[2026-05-14 13:42:43] SERIAL:OK: SPEED:27
[2026-05-14 13:42:43] SERIAL:OK: LEFT:1
[2026-05-14 13:42:43] SERIAL:OK: RIGHT:1
[2026-05-14 13:42:43] SERIAL:OK: EMERGENCY:1
[2026-05-14 13:42:44] SERIAL:OK: SPEED:26
[2026-05-14 13:42:44] SERIAL:OK: SPEED:25
[2026-05-14 13:42:44] SERIAL:OK: LEFT:0
[2026-05-14 13:42:44] SERIAL:OK: RIGHT:0
[2026-05-14 13:42:44] SERIAL:OK: EMERGENCY:0
[2026-05-14 13:42:44] SERIAL:OK: SPEED:24
[2026-05-14 13:42:44] SERIAL:OK: SPEED:23
[2026-05-14 13:42:44] SERIAL:OK: LEFT:1
[2026-05-14 13:42:44] SERIAL:OK: RIGHT:1
[2026-05-14 13:42:44] SERIAL:OK: EMERGENCY:1
[2026-05-14 13:42:44] SERIAL:OK: SPEED:22
[2026-05-14 13:42:44] SERIAL:OK: SPEED:21
[2026-05-14 13:42:44] SERIAL:OK: LEFT:0
[2026-05-14 13:42:44] SERIAL:OK: RIGHT:0
[2026-05-14 13:42:44] SERIAL:OK: EMERGENCY:0
[2026-05-14 13:42:45] SERIAL:OK: SPEED:20
[2026-05-14 13:42:45] SERIAL:OK: SPEED:19
[2026-05-14 13:42:45] SERIAL:OK: LEFT:1
[2026-05-14 13:42:45] SERIAL:OK: RIGHT:1
[2026-05-14 13:42:45] SERIAL:OK: EMERGENCY:1
[2026-05-14 13:42:45] SERIAL:OK: SPEED:18
[2026-05-14 13:42:45] SERIAL:OK: SPEED:17
[2026-05-14 13:42:45] SERIAL:OK: LEFT:0
[2026-05-14 13:42:45] SERIAL:OK: RIGHT:0
[2026-05-14 13:42:45] SERIAL:OK: EMERGENCY:0
[2026-05-14 13:42:45] SERIAL:OK: SPEED:16
[2026-05-14 13:42:45] SERIAL:OK: SPEED:15
[2026-05-14 13:42:46] SERIAL:OK: LEFT:1
[2026-05-14 13:42:46] SERIAL:OK: RIGHT:1
[2026-05-14 13:42:46] SERIAL:OK: EMERGENCY:1
[2026-05-14 13:42:46] SERIAL:OK: SPEED:14
[2026-05-14 13:42:46] SERIAL:OK: SPEED:13
[2026-05-14 13:42:46] SERIAL:OK: SPEED:12
[2026-05-14 13:42:46] SERIAL:OK: LEFT:0
[2026-05-14 13:42:46] SERIAL:OK: RIGHT:0
[2026-05-14 13:42:46] SERIAL:OK: EMERGENCY:0
[2026-05-14 13:42:46] SERIAL:OK: SPEED:11
[2026-05-14 13:42:46] SERIAL:OK: SPEED:10
[2026-05-14 13:42:46] SERIAL:OK: LEFT:1
[2026-05-14 13:42:46] SERIAL:OK: RIGHT:1
[2026-05-14 13:42:46] SERIAL:OK: EMERGENCY:1
[2026-05-14 13:42:46] SERIAL:OK: SPEED:9
[2026-05-14 13:42:47] SERIAL:OK: SPEED:8
[2026-05-14 13:42:47] SERIAL:OK: LEFT:0
[2026-05-14 13:42:47] SERIAL:OK: RIGHT:0
[2026-05-14 13:42:47] SERIAL:OK: EMERGENCY:0
[2026-05-14 13:42:47] SERIAL:OK: SPEED:7
[2026-05-14 13:42:47] SERIAL:OK: SPEED:6
[2026-05-14 13:42:47] SERIAL:OK: LEFT:1
[2026-05-14 13:42:47] SERIAL:OK: RIGHT:1
[2026-05-14 13:42:47] SERIAL:OK: EMERGENCY:1
[2026-05-14 13:42:47] SERIAL:OK: SPEED:5
[2026-05-14 13:42:47] SERIAL:OK: SPEED:4
[2026-05-14 13:42:47] SERIAL:OK: LEFT:0
[2026-05-14 13:42:47] SERIAL:OK: RIGHT:0
[2026-05-14 13:42:47] SERIAL:OK: EMERGENCY:0
[2026-05-14 13:42:47] SERIAL:OK: SPEED:3
[2026-05-14 13:42:47] SERIAL:OK: SPEED:2
[2026-05-14 13:42:48] SERIAL:OK: LEFT:1
[2026-05-14 13:42:48] SERIAL:OK: RIGHT:1
[2026-05-14 13:42:48] SERIAL:OK: EMERGENCY:1
[2026-05-14 13:42:48] SERIAL:OK: SPEED:1
[2026-05-14 13:42:48] SERIAL:OK: SPEED:0
[2026-05-14 13:42:48] Аварійку вимкнено жестом peace
[2026-05-14 13:42:48] SERIAL:OK: ALARM:0
[2026-05-14 13:42:48] SERIAL:OK: LEFT:0
[2026-05-14 13:42:48] SERIAL:OK: RIGHT:0
[2026-05-14 13:42:48] SERIAL:OK: EMERGENCY:0
[2026-05-14 13:42:50] SERIAL:OK: SPEED:83
[2026-05-14 13:42:50] SERIAL:OK: BRAKE:0
[2026-05-14 13:42:50] SERIAL:OK: SPEED:62
[2026-05-14 13:42:50] SERIAL:OK: BRAKE:1
[2026-05-14 13:42:50] SERIAL:OK: SPEED:42
[2026-05-14 13:42:50] SERIAL:OK: SPEED:31
[2026-05-14 13:42:50] SERIAL:OK: SPEED:25
[2026-05-14 13:42:50] SERIAL:OK: SPEED:8
[2026-05-14 13:42:50] SERIAL:OK: SPEED:0
[2026-05-14 13:42:51] SERIAL:OK: SPEED:8
[2026-05-14 13:42:51] SERIAL:OK: BRAKE:0
[2026-05-14 13:42:51] SERIAL:OK: SPEED:18
[2026-05-14 13:42:51] SERIAL:OK: SPEED:28
[2026-05-14 13:42:51] SERIAL:OK: SPEED:39
[2026-05-14 13:42:51] SERIAL:OK: SPEED:49
[2026-05-14 13:42:51] SERIAL:OK: SPEED:51
[2026-05-14 13:42:51] SERIAL:OK: SPEED:52
[2026-05-14 13:42:51] SERIAL:OK: SPEED:51
[2026-05-14 13:42:51] SERIAL:OK: BRAKE:1
[2026-05-14 13:42:51] SERIAL:OK: SPEED:50
[2026-05-14 13:42:51] SERIAL:OK: SPEED:49
[2026-05-14 13:42:51] SERIAL:OK: SPEED:48
[2026-05-14 13:42:51] SERIAL:OK: SPEED:47
[2026-05-14 13:42:51] SERIAL:OK: SPEED:46
[2026-05-14 13:42:52] SERIAL:OK: SPEED:45
[2026-05-14 13:42:52] SERIAL:OK: SPEED:44
[2026-05-14 13:42:52] SERIAL:OK: SPEED:43
[2026-05-14 13:42:52] SERIAL:OK: SPEED:44
[2026-05-14 13:42:52] SERIAL:OK: SPEED:43
[2026-05-14 13:42:52] SERIAL:OK: SPEED:44
[2026-05-14 13:42:52] SERIAL:OK: SPEED:45
[2026-05-14 13:42:52] SERIAL:OK: SPEED:46
[2026-05-14 13:42:52] SERIAL:OK: SPEED:44
[2026-05-14 13:42:53] SERIAL:OK: BRAKE:0
[2026-05-14 13:43:07] SERIAL:OK: ALARM:1
[2026-05-14 13:43:07] НАХИЛ ГОЛОВИ вниз (-22.5°)
[2026-05-14 13:43:07] SERIAL:OK: BRAKE:1
[2026-05-14 13:43:07] SERIAL:OK: SPEED:43
[2026-05-14 13:43:08] SERIAL:OK: SPEED:42
[2026-05-14 13:43:08] SERIAL:OK: LEFT:1
[2026-05-14 13:43:08] SERIAL:OK: RIGHT:1
[2026-05-14 13:43:08] SERIAL:OK: EMERGENCY:1
[2026-05-14 13:43:08] SERIAL:OK: SPEED:41
[2026-05-14 13:43:08] SERIAL:OK: SPEED:40
[2026-05-14 13:43:08] SERIAL:OK: LEFT:0
[2026-05-14 13:43:08] SERIAL:OK: RIGHT:0
[2026-05-14 13:43:08] SERIAL:OK: EMERGENCY:0
[2026-05-14 13:43:08] SERIAL:OK: SPEED:39
[2026-05-14 13:43:09] SERIAL:OK: LEFT:1
[2026-05-14 13:43:09] SERIAL:OK: RIGHT:1
[2026-05-14 13:43:09] SERIAL:OK: EMERGENCY:1
[2026-05-14 13:43:09] SERIAL:OK: SPEED:38
[2026-05-14 13:43:09] SERIAL:OK: SPEED:37
[2026-05-14 13:43:09] SERIAL:OK: LEFT:0
[2026-05-14 13:43:09] SERIAL:OK: RIGHT:0
[2026-05-14 13:43:09] SERIAL:OK: EMERGENCY:0
[2026-05-14 13:43:09] SERIAL:OK: SPEED:36
[2026-05-14 13:43:09] SERIAL:OK: LEFT:1
[2026-05-14 13:43:09] SERIAL:OK: RIGHT:1
[2026-05-14 13:43:09] SERIAL:OK: EMERGENCY:1
[2026-05-14 13:43:09] SERIAL:OK: SPEED:35
[2026-05-14 13:43:10] SERIAL:OK: SPEED:34
[2026-05-14 13:43:10] SERIAL:OK: LEFT:0
[2026-05-14 13:43:10] SERIAL:OK: RIGHT:0
[2026-05-14 13:43:10] SERIAL:OK: EMERGENCY:0
[2026-05-14 13:43:10] SERIAL:OK: SPEED:33
[2026-05-14 13:43:10] SERIAL:OK: LEFT:1
[2026-05-14 13:43:10] SERIAL:OK: RIGHT:1
[2026-05-14 13:43:10] SERIAL:OK: EMERGENCY:1
[2026-05-14 13:43:10] SERIAL:OK: SPEED:32
[2026-05-14 13:43:10] SERIAL:OK: SPEED:31
[2026-05-14 13:43:10] SERIAL:OK: LEFT:0
[2026-05-14 13:43:10] SERIAL:OK: RIGHT:0
[2026-05-14 13:43:10] SERIAL:OK: EMERGENCY:0
[2026-05-14 13:43:10] SERIAL:OK: SPEED:30
[2026-05-14 13:43:11] SERIAL:OK: LEFT:1
[2026-05-14 13:43:11] SERIAL:OK: RIGHT:1
[2026-05-14 13:43:11] SERIAL:OK: EMERGENCY:1
[2026-05-14 13:43:11] SERIAL:OK: SPEED:29
[2026-05-14 13:43:11] SERIAL:OK: SPEED:28
[2026-05-14 13:43:11] SERIAL:OK: LEFT:0
[2026-05-14 13:43:11] SERIAL:OK: RIGHT:0
[2026-05-14 13:43:11] SERIAL:OK: EMERGENCY:0
[2026-05-14 13:43:11] SERIAL:OK: SPEED:27
[2026-05-14 13:43:11] SERIAL:OK: LEFT:1
[2026-05-14 13:43:11] SERIAL:OK: RIGHT:1
[2026-05-14 13:43:11] SERIAL:OK: EMERGENCY:1
[2026-05-14 13:43:11] SERIAL:OK: SPEED:26
[2026-05-14 13:43:12] SERIAL:OK: LEFT:0
[2026-05-14 13:43:12] SERIAL:OK: RIGHT:0
[2026-05-14 13:43:12] SERIAL:OK: EMERGENCY:0
[2026-05-14 13:43:12] SERIAL:OK: SPEED:25
[2026-05-14 13:43:12] SERIAL:OK: SPEED:24
[2026-05-14 13:43:12] SERIAL:OK: LEFT:1
[2026-05-14 13:43:12] SERIAL:OK: RIGHT:1
[2026-05-14 13:43:12] SERIAL:OK: EMERGENCY:1
[2026-05-14 13:43:12] SERIAL:OK: SPEED:23
[2026-05-14 13:43:12] SERIAL:OK: LEFT:0
[2026-05-14 13:43:12] SERIAL:OK: RIGHT:0
[2026-05-14 13:43:12] SERIAL:OK: EMERGENCY:0
[2026-05-14 13:43:12] SERIAL:OK: SPEED:22
[2026-05-14 13:43:13] SERIAL:OK: SPEED:21
[2026-05-14 13:43:13] SERIAL:OK: LEFT:1
[2026-05-14 13:43:13] SERIAL:OK: RIGHT:1
[2026-05-14 13:43:13] SERIAL:OK: EMERGENCY:1
[2026-05-14 13:43:13] SERIAL:OK: SPEED:20
[2026-05-14 13:43:13] SERIAL:OK: LEFT:0
[2026-05-14 13:43:13] SERIAL:OK: RIGHT:0
[2026-05-14 13:43:13] SERIAL:OK: EMERGENCY:0
[2026-05-14 13:43:13] SERIAL:OK: SPEED:19
[2026-05-14 13:43:13] SERIAL:OK: SPEED:18
[2026-05-14 13:43:13] SERIAL:OK: LEFT:1
[2026-05-14 13:43:13] SERIAL:OK: RIGHT:1
[2026-05-14 13:43:13] SERIAL:OK: EMERGENCY:1
[2026-05-14 13:43:13] SERIAL:OK: SPEED:17
[2026-05-14 13:43:14] SERIAL:OK: LEFT:0
[2026-05-14 13:43:14] SERIAL:OK: RIGHT:0
[2026-05-14 13:43:14] SERIAL:OK: EMERGENCY:0
[2026-05-14 13:43:14] SERIAL:OK: SPEED:16
[2026-05-14 13:43:14] SERIAL:OK: SPEED:15
[2026-05-14 13:43:14] SERIAL:OK: LEFT:1
[2026-05-14 13:43:14] SERIAL:OK: RIGHT:1
[2026-05-14 13:43:14] SERIAL:OK: EMERGENCY:1
[2026-05-14 13:43:14] SERIAL:OK: SPEED:14
[2026-05-14 13:43:14] SERIAL:OK: LEFT:0
[2026-05-14 13:43:14] SERIAL:OK: RIGHT:0
[2026-05-14 13:43:14] SERIAL:OK: EMERGENCY:0
[2026-05-14 13:43:14] SERIAL:OK: SPEED:13
[2026-05-14 13:43:15] SERIAL:OK: SPEED:12
[2026-05-14 13:43:15] SERIAL:OK: LEFT:1
[2026-05-14 13:43:15] SERIAL:OK: RIGHT:1
[2026-05-14 13:43:15] SERIAL:OK: EMERGENCY:1
[2026-05-14 13:43:15] SERIAL:OK: SPEED:11
[2026-05-14 13:43:15] SERIAL:OK: LEFT:0
[2026-05-14 13:43:15] SERIAL:OK: RIGHT:0
[2026-05-14 13:43:15] SERIAL:OK: EMERGENCY:0
[2026-05-14 13:43:15] SERIAL:OK: SPEED:10
[2026-05-14 13:43:15] SERIAL:OK: SPEED:9
[2026-05-14 13:43:15] SERIAL:OK: LEFT:1
[2026-05-14 13:43:15] SERIAL:OK: RIGHT:1
[2026-05-14 13:43:15] SERIAL:OK: EMERGENCY:1
[2026-05-14 13:43:15] SERIAL:OK: SPEED:8
[2026-05-14 13:43:16] SERIAL:OK: LEFT:0
[2026-05-14 13:43:16] SERIAL:OK: RIGHT:0
[2026-05-14 13:43:16] SERIAL:OK: EMERGENCY:0
[2026-05-14 13:43:16] SERIAL:OK: SPEED:7
[2026-05-14 13:43:16] SERIAL:OK: SPEED:6
[2026-05-14 13:43:16] SERIAL:OK: LEFT:1
[2026-05-14 13:43:16] SERIAL:OK: RIGHT:1
[2026-05-14 13:43:16] SERIAL:OK: EMERGENCY:1
[2026-05-14 13:43:16] SERIAL:OK: SPEED:5
[2026-05-14 13:43:16] SERIAL:OK: LEFT:0
[2026-05-14 13:43:16] SERIAL:OK: RIGHT:0
[2026-05-14 13:43:16] SERIAL:OK: EMERGENCY:0
[2026-05-14 13:43:16] SERIAL:OK: SPEED:4
[2026-05-14 13:43:17] SERIAL:OK: SPEED:3
[2026-05-14 13:43:17] SERIAL:OK: LEFT:1
[2026-05-14 13:43:17] SERIAL:OK: RIGHT:1
[2026-05-14 13:43:17] SERIAL:OK: EMERGENCY:1
[2026-05-14 13:43:17] SERIAL:OK: SPEED:2
[2026-05-14 13:43:17] SERIAL:OK: LEFT:0
[2026-05-14 13:43:17] SERIAL:OK: RIGHT:0
[2026-05-14 13:43:17] SERIAL:OK: EMERGENCY:0
[2026-05-14 13:43:17] SERIAL:OK: SPEED:1
[2026-05-14 13:43:17] SERIAL:OK: SPEED:0
[2026-05-14 13:43:17] SERIAL:OK: LEFT:1
[2026-05-14 13:43:17] SERIAL:OK: RIGHT:1
[2026-05-14 13:43:17] SERIAL:OK: EMERGENCY:1
[2026-05-14 13:43:18] SERIAL:OK: LEFT:0
[2026-05-14 13:43:18] SERIAL:OK: RIGHT:0
[2026-05-14 13:43:18] SERIAL:OK: EMERGENCY:0
[2026-05-14 13:43:18] SERIAL:OK: LEFT:1
[2026-05-14 13:43:18] SERIAL:OK: RIGHT:1
[2026-05-14 13:43:18] SERIAL:OK: EMERGENCY:1
[2026-05-14 13:43:18] Аварійку вимкнено жестом peace
[2026-05-14 13:43:18] SERIAL:OK: ALARM:0
[2026-05-14 13:43:18] SERIAL:OK: LEFT:0
[2026-05-14 13:43:18] SERIAL:OK: RIGHT:0
[2026-05-14 13:43:18] SERIAL:OK: EMERGENCY:0
[2026-05-14 13:43:20] SERIAL:INFO: servo detached (idle)
[2026-05-14 13:43:31] SERIAL:OK: SPEED:14
[2026-05-14 13:43:31] SERIAL:OK: BRAKE:0
[2026-05-14 13:43:32] SERIAL:OK: SPEED:9
[2026-05-14 13:43:32] SERIAL:OK: BRAKE:1
[2026-05-14 13:43:32] SERIAL:OK: SPEED:6
[2026-05-14 13:43:33] SERIAL:OK: SPEED:4
[2026-05-14 13:43:33] SERIAL:OK: SPEED:1
[2026-05-14 13:43:33] SERIAL:OK: SPEED:0
[2026-05-14 13:43:36] SERIAL:INFO: servo detached (idle)
[2026-05-14 13:43:43] SERIAL:OK: BRAKE:0
[2026-05-14 13:43:43] SERIAL:OK: SPEED:7
[2026-05-14 13:43:43] SERIAL:OK: SPEED:14
[2026-05-14 13:43:43] SERIAL:OK: SPEED:23
[2026-05-14 13:43:43] SERIAL:OK: SPEED:33
[2026-05-14 13:43:43] SERIAL:OK: SPEED:43
[2026-05-14 13:43:43] SERIAL:OK: SPEED:47
[2026-05-14 13:43:43] SERIAL:OK: SPEED:51
[2026-05-14 13:43:43] SERIAL:OK: SPEED:53
[2026-05-14 13:43:43] SERIAL:OK: SPEED:54
[2026-05-14 13:43:43] SERIAL:OK: SPEED:55
[2026-05-14 13:43:44] SERIAL:OK: SPEED:56
[2026-05-14 13:43:44] SERIAL:OK: SPEED:57
[2026-05-14 13:43:44] SERIAL:OK: SPEED:59
[2026-05-14 13:43:44] SERIAL:OK: SPEED:63
[2026-05-14 13:43:44] SERIAL:OK: SPEED:70
[2026-05-14 13:43:45] Обличчя зникло
[2026-05-14 13:43:54] SERIAL:OK: SPEED:67
[2026-05-14 13:43:54] SERIAL:OK: BRAKE:1
[2026-05-14 13:43:55] SERIAL:OK: SPEED:61
[2026-05-14 13:43:55] SERIAL:OK: SPEED:55
[2026-05-14 13:43:55] SERIAL:OK: SPEED:40
[2026-05-14 13:43:55] SERIAL:OK: SPEED:22
[2026-05-14 13:43:55] SERIAL:OK: SPEED:13
[2026-05-14 13:43:55] SERIAL:OK: SPEED:7
[2026-05-14 13:43:55] SERIAL:OK: SPEED:0
[2026-05-14 13:43:57] SERIAL:OK: LEFT:0
[2026-05-14 13:43:57] SERIAL:OK: RIGHT:0
[2026-05-14 13:43:57] SERIAL:OK: EMERGENCY:0
[2026-05-14 13:43:57] SERIAL:OK: BRAKE:0
[2026-05-14 13:43:57] SERIAL:OK: LEFT:0
[2026-05-14 13:43:57] SERIAL:OK: RIGHT:0
[2026-05-14 13:43:57] SERIAL:OK: EMERGENCY:0
[2026-05-14 13:43:57] SERIAL:OK: BRAKE:1
[2026-05-14 13:43:58] SERIAL:INFO: servo detached (idle)
[2026-05-14 13:45:14] SERIAL:OK: LEFT:0
[2026-05-14 13:45:14] SERIAL:OK: RIGHT:0
[2026-05-14 13:45:14] SERIAL:OK: EMERGENCY:0
[2026-05-14 13:45:14] SERIAL:OK: BRAKE:0
[2026-05-14 13:45:14] SERIAL:OK: LEFT:0
[2026-05-14 13:45:14] SERIAL:OK: RIGHT:0
[2026-05-14 13:45:14] SERIAL:OK: EMERGENCY:0
[2026-05-14 13:45:14] SERIAL:OK: BRAKE:1
[2026-05-14 13:47:21] Arduino підключено: COM12
[2026-05-14 13:47:22] SERIAL:OK: LEFT:0
[2026-05-14 13:47:22] SERIAL:OK: RIGHT:0
[2026-05-14 13:47:22] SERIAL:OK: EMERGENCY:0
[2026-05-14 13:47:23] SERIAL:OK: BRAKE:1
[2026-05-14 13:47:24] SERIAL:INFO: servo detached (idle)
[2026-05-14 13:47:33] SERIAL:OK: SPEED:0
[2026-05-14 13:47:33] SERIAL:OK: LEFT:0
[2026-05-14 13:47:33] SERIAL:OK: RIGHT:0
[2026-05-14 13:47:33] SERIAL:OK: EMERGENCY:0
[2026-05-14 13:47:33] SERIAL:OK: BRAKE:0
[2026-05-14 13:47:33] SERIAL:OK: ALARM:0
[2026-05-14 13:47:33] SERIAL:OK: BRAKE:1
[2026-05-14 13:47:33] SERIAL:OK: LEFT:0
[2026-05-14 13:47:33] SERIAL:OK: RIGHT:0
[2026-05-14 13:47:33] SERIAL:OK: EMERGENCY:0
